0 info it worked if it ends with ok
1 verbose cli [ 'C:\\Program Files\\nodejs\\node.exe',
1 verbose cli   'C:\\Program Files\\nodejs\\node_modules\\npm\\bin\\npm-cli.js',
1 verbose cli   'run',
1 verbose cli   'nodesass',
1 verbose cli   'src/sass/',
1 verbose cli   '-o',
1 verbose cli   'src/css/main.css' ]
2 info using npm@3.10.10
3 info using node@v6.10.3
4 verbose run-script [ 'prenodesass', 'nodesass', 'postnodesass' ]
5 info lifecycle portifolio@1.0.0~prenodesass: portifolio@1.0.0
6 silly lifecycle portifolio@1.0.0~prenodesass: no script for prenodesass, continuing
7 info lifecycle portifolio@1.0.0~nodesass: portifolio@1.0.0
8 verbose lifecycle portifolio@1.0.0~nodesass: unsafe-perm in lifecycle true
9 verbose lifecycle portifolio@1.0.0~nodesass: PATH: C:\Program Files\nodejs\node_modules\npm\bin\node-gyp-bin;C:\Users\Tecnologia\Documents\Giulio\projetos\udemy-frontend-moderno\node_modules\.bin;C:\Users\Tecnologia\bin;C:\Program Files\Git\mingw64\bin;C:\Program Files\Git\usr\local\bin;C:\Program Files\Git\usr\bin;C:\Program Files\Git\usr\bin;C:\Program Files\Git\mingw64\bin;C:\Program Files\Git\usr\bin;C:\Users\Tecnologia\bin;C:\Program Files\gs\gs9.21\bin;C:\Program Files\gs\gs9.21\lib;C:\ProgramData\Oracle\Java\javapath;C:\Windows\system32;C:\Windows;C:\Windows\System32\Wbem;C:\Windows\System32\WindowsPowerShell\v1.0;C:\Program Files (x86)\AMD\ATI.ACE\Core-Static;C:\xampp\php;C:\ProgramData\ComposerSetup\bin;C:\Program Files\PuTTY;C:\Program Files\Git\cmd;C:\Program Files\nodejs;C:\Users\Tecnologia\AppData\Local\Programs\Python\Python36-32\Scripts;C:\Users\Tecnologia\AppData\Local\Programs\Python\Python36-32;C:\Users\Tecnologia\AppData\Local\atom\bin;C:\Users\Tecnologia\AppData\Roaming\Composer\vendor\bin;C:\Program Files\Heroku\bin;C:\Users\Tecnologia\AppData\Roaming\npm;C:\Users\Tecnologia\AppData\Local\GitHubDesktop\bin;C:\Program Files\Microsoft VS Code\bin;C:\Program Files\Git\usr\bin\vendor_perl;C:\Program Files\Git\usr\bin\core_perl
10 verbose lifecycle portifolio@1.0.0~nodesass: CWD: C:\Users\Tecnologia\Documents\Giulio\projetos\udemy-frontend-moderno
11 silly lifecycle portifolio@1.0.0~nodesass: Args: [ '/d /s /c', 'node-sass "src/sass/" "src/css/main.css"' ]
12 silly lifecycle portifolio@1.0.0~nodesass: Returned: code: 1  signal: null
13 info lifecycle portifolio@1.0.0~nodesass: Failed to exec nodesass script
14 verbose stack Error: portifolio@1.0.0 nodesass: `node-sass "src/sass/" "src/css/main.css"`
14 verbose stack Exit status 1
14 verbose stack     at EventEmitter.<anonymous> (C:\Program Files\nodejs\node_modules\npm\lib\utils\lifecycle.js:255:16)
14 verbose stack     at emitTwo (events.js:106:13)
14 verbose stack     at EventEmitter.emit (events.js:191:7)
14 verbose stack     at ChildProcess.<anonymous> (C:\Program Files\nodejs\node_modules\npm\lib\utils\spawn.js:40:14)
14 verbose stack     at emitTwo (events.js:106:13)
14 verbose stack     at ChildProcess.emit (events.js:191:7)
14 verbose stack     at maybeClose (internal/child_process.js:886:16)
14 verbose stack     at Process.ChildProcess._handle.onexit (internal/child_process.js:226:5)
15 verbose pkgid portifolio@1.0.0
16 verbose cwd C:\Users\Tecnologia\Documents\Giulio\projetos\udemy-frontend-moderno
17 error Windows_NT 6.1.7601
18 error argv "C:\\Program Files\\nodejs\\node.exe" "C:\\Program Files\\nodejs\\node_modules\\npm\\bin\\npm-cli.js" "run" "nodesass" "src/sass/" "-o" "src/css/main.css"
19 error node v6.10.3
20 error npm  v3.10.10
21 error code ELIFECYCLE
22 error portifolio@1.0.0 nodesass: `node-sass "src/sass/" "src/css/main.css"`
22 error Exit status 1
23 error Failed at the portifolio@1.0.0 nodesass script 'node-sass "src/sass/" "src/css/main.css"'.
23 error Make sure you have the latest version of node.js and npm installed.
23 error If you do, this is most likely a problem with the portifolio package,
23 error not with npm itself.
23 error Tell the author that this fails on your system:
23 error     node-sass "src/sass/" "src/css/main.css"
23 error You can get information on how to open an issue for this project with:
23 error     npm bugs portifolio
23 error Or if that isn't available, you can get their info via:
23 error     npm owner ls portifolio
23 error There is likely additional logging output above.
24 verbose exit [ 1, true ]
